<errorentry>
	<datetime>2013-12-07 08:22:45 (UTC)</datetime>
	<errornum>2</errornum>
	<errortype>Warning</errortype>
	<errormsg>mysqli::mysqli(): (HY000/1045): Access denied for user 'db_user'@'localhost' (using password: YES)</errormsg>
	<scriptname>/server/development/projects/rame/sys/lib/101/dbConnection.lib</scriptname>
	<scriptlinenum>29</scriptlinenum>
</errorentry>

<errorentry>
	<datetime>2013-12-07 08:25:31 (UTC)</datetime>
	<errornum>2</errornum>
	<errortype>Warning</errortype>
	<errormsg>mysqli::mysqli(): (HY000/1045): Access denied for user 'db_user'@'localhost' (using password: YES)</errormsg>
	<scriptname>/server/development/projects/rame/sys/lib/101/dbConnection.lib</scriptname>
	<scriptlinenum>29</scriptlinenum>
</errorentry>

<errorentry>
	<datetime>2013-12-07 08:25:31 (UTC)</datetime>
	<errornum>2</errornum>
	<errortype>Warning</errortype>
	<errormsg>mysqli::mysqli(): (HY000/1045): Access denied for user 'db_user'@'localhost' (using password: YES)</errormsg>
	<scriptname>/server/development/projects/rame/sys/lib/101/dbConnection.lib</scriptname>
	<scriptlinenum>29</scriptlinenum>
</errorentry>

<errorentry>
	<datetime>2013-12-07 08:25:31 (UTC)</datetime>
	<errornum>2</errornum>
	<errortype>Warning</errortype>
	<errormsg>mysqli::mysqli(): (HY000/1045): Access denied for user 'db_user'@'localhost' (using password: YES)</errormsg>
	<scriptname>/server/development/projects/rame/sys/lib/101/dbConnection.lib</scriptname>
	<scriptlinenum>29</scriptlinenum>
</errorentry>

<errorentry>
	<datetime>2013-12-07 08:25:32 (UTC)</datetime>
	<errornum>2</errornum>
	<errortype>Warning</errortype>
	<errormsg>mysqli::mysqli(): (HY000/1045): Access denied for user 'db_user'@'localhost' (using password: YES)</errormsg>
	<scriptname>/server/development/projects/rame/sys/lib/101/dbConnection.lib</scriptname>
	<scriptlinenum>29</scriptlinenum>
</errorentry>

<errorentry>
	<datetime>2013-12-07 08:25:47 (UTC)</datetime>
	<errornum>2</errornum>
	<errortype>Warning</errortype>
	<errormsg>mysqli::mysqli(): (HY000/1045): Access denied for user 'db_user'@'localhost' (using password: YES)</errormsg>
	<scriptname>/server/development/projects/rame/sys/lib/101/dbConnection.lib</scriptname>
	<scriptlinenum>29</scriptlinenum>
</errorentry>

<errorentry>
	<datetime>2013-12-07 08:25:52 (UTC)</datetime>
	<errornum>2</errornum>
	<errortype>Warning</errortype>
	<errormsg>mysqli::mysqli(): (HY000/1045): Access denied for user 'db_user'@'localhost' (using password: YES)</errormsg>
	<scriptname>/server/development/projects/rame/sys/lib/101/dbConnection.lib</scriptname>
	<scriptlinenum>29</scriptlinenum>
</errorentry>

<errorentry>
	<datetime>2013-12-07 08:25:54 (UTC)</datetime>
	<errornum>2</errornum>
	<errortype>Warning</errortype>
	<errormsg>mysqli::mysqli(): (HY000/1045): Access denied for user 'db_user'@'localhost' (using password: YES)</errormsg>
	<scriptname>/server/development/projects/rame/sys/lib/101/dbConnection.lib</scriptname>
	<scriptlinenum>29</scriptlinenum>
</errorentry>

<errorentry>
	<datetime>2013-12-07 08:25:54 (UTC)</datetime>
	<errornum>2</errornum>
	<errortype>Warning</errortype>
	<errormsg>mysqli::mysqli(): (HY000/1045): Access denied for user 'db_user'@'localhost' (using password: YES)</errormsg>
	<scriptname>/server/development/projects/rame/sys/lib/101/dbConnection.lib</scriptname>
	<scriptlinenum>29</scriptlinenum>
</errorentry>

<errorentry>
	<datetime>2013-12-07 08:31:12 (UTC)</datetime>
	<errornum>8</errornum>
	<errortype>Notice</errortype>
	<errormsg>Undefined index: schema</errormsg>
	<scriptname>/server/development/projects/rame/sys/lib/101/dbConnection.lib</scriptname>
	<scriptlinenum>27</scriptlinenum>
</errorentry>

<errorentry>
	<datetime>2013-12-07 08:31:20 (UTC)</datetime>
	<errornum>8</errornum>
	<errortype>Notice</errortype>
	<errormsg>Undefined index: schema</errormsg>
	<scriptname>/server/development/projects/rame/sys/lib/101/dbConnection.lib</scriptname>
	<scriptlinenum>27</scriptlinenum>
</errorentry>

<errorentry>
	<datetime>2013-12-07 08:31:47 (UTC)</datetime>
	<errornum>8</errornum>
	<errortype>Notice</errortype>
	<errormsg>Undefined index: schema</errormsg>
	<scriptname>/server/development/projects/rame/sys/lib/101/dbConnection.lib</scriptname>
	<scriptlinenum>27</scriptlinenum>
</errorentry>

<errorentry>
	<datetime>2013-12-07 08:32:01 (UTC)</datetime>
	<errornum>8</errornum>
	<errortype>Notice</errortype>
	<errormsg>Undefined index: schema</errormsg>
	<scriptname>/server/development/projects/rame/sys/lib/101/dbConnection.lib</scriptname>
	<scriptlinenum>27</scriptlinenum>
</errorentry>

<errorentry>
	<datetime>2013-12-07 08:32:01 (UTC)</datetime>
	<errornum>8</errornum>
	<errortype>Notice</errortype>
	<errormsg>Undefined index: schema</errormsg>
	<scriptname>/server/development/projects/rame/sys/lib/101/dbConnection.lib</scriptname>
	<scriptlinenum>27</scriptlinenum>
</errorentry>

<errorentry>
	<datetime>2013-12-07 08:32:02 (UTC)</datetime>
	<errornum>8</errornum>
	<errortype>Notice</errortype>
	<errormsg>Undefined index: schema</errormsg>
	<scriptname>/server/development/projects/rame/sys/lib/101/dbConnection.lib</scriptname>
	<scriptlinenum>27</scriptlinenum>
</errorentry>

<errorentry>
	<datetime>2013-12-07 08:32:02 (UTC)</datetime>
	<errornum>8</errornum>
	<errortype>Notice</errortype>
	<errormsg>Undefined index: schema</errormsg>
	<scriptname>/server/development/projects/rame/sys/lib/101/dbConnection.lib</scriptname>
	<scriptlinenum>27</scriptlinenum>
</errorentry>

<errorentry>
	<datetime>2013-12-10 02:08:20 (UTC)</datetime>
	<errornum>2</errornum>
	<errortype>Warning</errortype>
	<errormsg>include(): Filename cannot be empty</errormsg>
	<scriptname>/server/development/projects/rame/sys/exec/500/processRequest.php</scriptname>
	<scriptlinenum>20</scriptlinenum>
</errorentry>

<errorentry>
	<datetime>2013-12-10 02:08:20 (UTC)</datetime>
	<errornum>2</errornum>
	<errortype>Warning</errortype>
	<errormsg>include(): Failed opening '' for inclusion (include_path='.:/usr/share/php:/usr/share/pear')</errormsg>
	<scriptname>/server/development/projects/rame/sys/exec/500/processRequest.php</scriptname>
	<scriptlinenum>20</scriptlinenum>
</errorentry>

<errorentry>
	<datetime>2013-12-10 02:09:18 (UTC)</datetime>
	<errornum>2</errornum>
	<errortype>Warning</errortype>
	<errormsg>include(): Filename cannot be empty</errormsg>
	<scriptname>/server/development/projects/rame/sys/exec/500/processRequest.php</scriptname>
	<scriptlinenum>20</scriptlinenum>
</errorentry>

<errorentry>
	<datetime>2013-12-10 02:09:18 (UTC)</datetime>
	<errornum>2</errornum>
	<errortype>Warning</errortype>
	<errormsg>include(): Failed opening '' for inclusion (include_path='.:/usr/share/php:/usr/share/pear')</errormsg>
	<scriptname>/server/development/projects/rame/sys/exec/500/processRequest.php</scriptname>
	<scriptlinenum>20</scriptlinenum>
</errorentry>

<errorentry>
	<datetime>2013-12-10 02:09:58 (UTC)</datetime>
	<errornum>2</errornum>
	<errortype>Warning</errortype>
	<errormsg>include(): Filename cannot be empty</errormsg>
	<scriptname>/server/development/projects/rame/sys/exec/500/processRequest.php</scriptname>
	<scriptlinenum>20</scriptlinenum>
</errorentry>

<errorentry>
	<datetime>2013-12-10 02:09:58 (UTC)</datetime>
	<errornum>2</errornum>
	<errortype>Warning</errortype>
	<errormsg>include(): Failed opening '' for inclusion (include_path='.:/usr/share/php:/usr/share/pear')</errormsg>
	<scriptname>/server/development/projects/rame/sys/exec/500/processRequest.php</scriptname>
	<scriptlinenum>20</scriptlinenum>
</errorentry>

<errorentry>
	<datetime>2013-12-10 02:21:38 (UTC)</datetime>
	<errornum>2</errornum>
	<errortype>Warning</errortype>
	<errormsg>include(): Filename cannot be empty</errormsg>
	<scriptname>/server/development/projects/rame/sys/exec/500/processRequest.php</scriptname>
	<scriptlinenum>20</scriptlinenum>
</errorentry>

<errorentry>
	<datetime>2013-12-10 02:21:38 (UTC)</datetime>
	<errornum>2</errornum>
	<errortype>Warning</errortype>
	<errormsg>include(): Failed opening '' for inclusion (include_path='.:/usr/share/php:/usr/share/pear')</errormsg>
	<scriptname>/server/development/projects/rame/sys/exec/500/processRequest.php</scriptname>
	<scriptlinenum>20</scriptlinenum>
</errorentry>

<errorentry>
	<datetime>2013-12-10 02:24:19 (UTC)</datetime>
	<errornum>2</errornum>
	<errortype>Warning</errortype>
	<errormsg>include(): Filename cannot be empty</errormsg>
	<scriptname>/server/development/projects/rame/sys/exec/500/processRequest.php</scriptname>
	<scriptlinenum>18</scriptlinenum>
</errorentry>

<errorentry>
	<datetime>2013-12-10 02:24:19 (UTC)</datetime>
	<errornum>2</errornum>
	<errortype>Warning</errortype>
	<errormsg>include(): Failed opening '' for inclusion (include_path='.:/usr/share/php:/usr/share/pear')</errormsg>
	<scriptname>/server/development/projects/rame/sys/exec/500/processRequest.php</scriptname>
	<scriptlinenum>18</scriptlinenum>
</errorentry>

<errorentry>
	<datetime>2013-12-10 03:23:38 (UTC)</datetime>
	<errornum>8</errornum>
	<errortype>Notice</errortype>
	<errormsg>Undefined offset: 1003</errormsg>
	<scriptname>/server/development/projects/rame/sys/exec/100/errorHandler.php</scriptname>
	<scriptlinenum>30</scriptlinenum>
</errorentry>

<errorentry>
	<datetime>2013-12-10 03:23:38 (UTC)</datetime>
	<errornum>1003</errornum>
	<errortype></errortype>
	<errormsg>Cannot invoke class bob. Bad Request</errormsg>
	<scriptname>/server/development/projects/rame/sys/exec/100/errorHandler.php</scriptname>
	<scriptlinenum>47</scriptlinenum>
</errorentry>

<errorentry>
	<datetime>2013-12-10 03:28:14 (UTC)</datetime>
	<errornum>2048</errornum>
	<errortype>Runtime Notice</errortype>
	<errormsg>Cannot invoke class bob. Bad Request</errormsg>
	<scriptname>/server/development/projects/rame/sys/exec/100/errorHandler.php</scriptname>
	<scriptlinenum>47</scriptlinenum>
</errorentry>

<errorentry>
	<datetime>2013-12-10 03:28:15 (UTC)</datetime>
	<errornum>2048</errornum>
	<errortype>Runtime Notice</errortype>
	<errormsg>Cannot invoke class bob. Bad Request</errormsg>
	<scriptname>/server/development/projects/rame/sys/exec/100/errorHandler.php</scriptname>
	<scriptlinenum>47</scriptlinenum>
</errorentry>

<dl class="err err-2048">
	<dt class="err-label">Date/Time</dt>
		<dd class="err-value">2013-12-10 03:39:38 (UTC)</dd>
	<dt class="err-label">Error Number</dt>
		<dd class="err-value">2048</dd>
	<dt class="err-label">Error Type</dt>
		<dd class="err-value">Runtime Notice</dd>
	<dt class="err-label">Message</dt>
		<dd class="err-value">Cannot invoke class bob. Bad Request</dd>
	<dt class="err-label">File</dt>
		<dd class="err-value">/server/development/projects/rame/sys/exec/100/errorHandler.php</dd>
	<dt class="err-label">Line</dt>
		<dd class="err-value">51</dd>
	<dt class="err-label">Variables</dt>
		<dd class="err-value">Array
(
    [API Class] => bob
)
</dd>
</dl>
<dl class="err err-2048">
	<dt class="err-label">Date/Time</dt>
		<dd class="err-value">2013-12-10 03:39:44 (UTC)</dd>
	<dt class="err-label">Error Number</dt>
		<dd class="err-value">2048</dd>
	<dt class="err-label">Error Type</dt>
		<dd class="err-value">Runtime Notice</dd>
	<dt class="err-label">Message</dt>
		<dd class="err-value">Cannot invoke class bob. Bad Request</dd>
	<dt class="err-label">File</dt>
		<dd class="err-value">/server/development/projects/rame/sys/exec/100/errorHandler.php</dd>
	<dt class="err-label">Line</dt>
		<dd class="err-value">51</dd>
	<dt class="err-label">Variables</dt>
		<dd class="err-value">Array
(
    [API Class] => bob
)
</dd>
</dl>
<dl class="err err-2048">
	<dt class="err-label">Date/Time</dt>
		<dd class="err-value">2013-12-10 03:40:46 (UTC)</dd>
	<dt class="err-label">Error Number</dt>
		<dd class="err-value">2048</dd>
	<dt class="err-label">Error Type</dt>
		<dd class="err-value">Runtime Notice</dd>
	<dt class="err-label">Message</dt>
		<dd class="err-value">Cannot invoke class bob. Bad Request</dd>
	<dt class="err-label">File</dt>
		<dd class="err-value">/server/development/projects/rame/sys/exec/100/errorHandler.php</dd>
	<dt class="err-label">Line</dt>
		<dd class="err-value">56</dd>
	<dt class="err-label">Variables</dt>
		<dd class="err-value">Array
(
    [API Class] => bob
)
</dd>
</dl>
<dl class="err err-2048">
	<dt class="err-label">Date/Time</dt>
		<dd class="err-value">2013-12-10 03:40:46 (UTC)</dd>
	<dt class="err-label">Error Number</dt>
		<dd class="err-value">2048</dd>
	<dt class="err-label">Error Type</dt>
		<dd class="err-value">Runtime Notice</dd>
	<dt class="err-label">Message</dt>
		<dd class="err-value">Cannot invoke class bob. Bad Request</dd>
	<dt class="err-label">File</dt>
		<dd class="err-value">/server/development/projects/rame/sys/exec/100/errorHandler.php</dd>
	<dt class="err-label">Line</dt>
		<dd class="err-value">56</dd>
	<dt class="err-label">Variables</dt>
		<dd class="err-value">Array
(
    [API Class] => bob
)
</dd>
</dl>
<dl class="err err-2048">
	<dt class="err-label">Date/Time</dt>
		<dd class="err-value">2013-12-10 03:40:46 (UTC)</dd>
	<dt class="err-label">Error Number</dt>
		<dd class="err-value">2048</dd>
	<dt class="err-label">Error Type</dt>
		<dd class="err-value">Runtime Notice</dd>
	<dt class="err-label">Message</dt>
		<dd class="err-value">Cannot invoke class bob. Bad Request</dd>
	<dt class="err-label">File</dt>
		<dd class="err-value">/server/development/projects/rame/sys/exec/100/errorHandler.php</dd>
	<dt class="err-label">Line</dt>
		<dd class="err-value">56</dd>
	<dt class="err-label">Variables</dt>
		<dd class="err-value">Array
(
    [API Class] => bob
)
</dd>
</dl>
<dl class="err err-2048">
	<dt class="err-label">Date/Time</dt>
		<dd class="err-value">2013-12-10 03:40:46 (UTC)</dd>
	<dt class="err-label">Error Number</dt>
		<dd class="err-value">2048</dd>
	<dt class="err-label">Error Type</dt>
		<dd class="err-value">Runtime Notice</dd>
	<dt class="err-label">Message</dt>
		<dd class="err-value">Cannot invoke class bob. Bad Request</dd>
	<dt class="err-label">File</dt>
		<dd class="err-value">/server/development/projects/rame/sys/exec/100/errorHandler.php</dd>
	<dt class="err-label">Line</dt>
		<dd class="err-value">56</dd>
	<dt class="err-label">Variables</dt>
		<dd class="err-value">Array
(
    [API Class] => bob
)
</dd>
</dl>
<dl class="err err-2048">
	<dt class="err-label">Date/Time</dt>
		<dd class="err-value">2013-12-10 03:40:47 (UTC)</dd>
	<dt class="err-label">Error Number</dt>
		<dd class="err-value">2048</dd>
	<dt class="err-label">Error Type</dt>
		<dd class="err-value">Runtime Notice</dd>
	<dt class="err-label">Message</dt>
		<dd class="err-value">Cannot invoke class bob. Bad Request</dd>
	<dt class="err-label">File</dt>
		<dd class="err-value">/server/development/projects/rame/sys/exec/100/errorHandler.php</dd>
	<dt class="err-label">Line</dt>
		<dd class="err-value">56</dd>
	<dt class="err-label">Variables</dt>
		<dd class="err-value">Array
(
    [API Class] => bob
)
</dd>
</dl>
<dl class="err err-2048">
	<dt class="err-label">Date/Time</dt>
		<dd class="err-value">2013-12-10 03:40:47 (UTC)</dd>
	<dt class="err-label">Error Number</dt>
		<dd class="err-value">2048</dd>
	<dt class="err-label">Error Type</dt>
		<dd class="err-value">Runtime Notice</dd>
	<dt class="err-label">Message</dt>
		<dd class="err-value">Cannot invoke class bob. Bad Request</dd>
	<dt class="err-label">File</dt>
		<dd class="err-value">/server/development/projects/rame/sys/exec/100/errorHandler.php</dd>
	<dt class="err-label">Line</dt>
		<dd class="err-value">56</dd>
	<dt class="err-label">Variables</dt>
		<dd class="err-value">Array
(
    [API Class] => bob
)
</dd>
</dl>
<dl class="err err-2048">
	<dt class="err-label">Date/Time</dt>
		<dd class="err-value">2013-12-10 03:40:47 (UTC)</dd>
	<dt class="err-label">Error Number</dt>
		<dd class="err-value">2048</dd>
	<dt class="err-label">Error Type</dt>
		<dd class="err-value">Runtime Notice</dd>
	<dt class="err-label">Message</dt>
		<dd class="err-value">Cannot invoke class bob. Bad Request</dd>
	<dt class="err-label">File</dt>
		<dd class="err-value">/server/development/projects/rame/sys/exec/100/errorHandler.php</dd>
	<dt class="err-label">Line</dt>
		<dd class="err-value">56</dd>
	<dt class="err-label">Variables</dt>
		<dd class="err-value">Array
(
    [API Class] => bob
)
</dd>
</dl>
<dl class="err err-2048">
	<dt class="err-label">Date/Time</dt>
		<dd class="err-value">2013-12-10 03:41:19 (UTC)</dd>
	<dt class="err-label">Error Number</dt>
		<dd class="err-value">2048</dd>
	<dt class="err-label">Error Type</dt>
		<dd class="err-value">Runtime Notice</dd>
	<dt class="err-label">Message</dt>
		<dd class="err-value">Cannot invoke class bob. Bad Request</dd>
	<dt class="err-label">File</dt>
		<dd class="err-value">/server/development/projects/rame/sys/exec/100/errorHandler.php</dd>
	<dt class="err-label">Line</dt>
		<dd class="err-value">56</dd>
	<dt class="err-label">Variables</dt>
		<dd class="err-value">Array
(
    [API Class] => bob
)
</dd>
</dl>
<dl class="err err-2048">
	<dt class="err-label">Date/Time</dt>
		<dd class="err-value">2013-12-10 03:41:22 (UTC)</dd>
	<dt class="err-label">Error Number</dt>
		<dd class="err-value">2048</dd>
	<dt class="err-label">Error Type</dt>
		<dd class="err-value">Runtime Notice</dd>
	<dt class="err-label">Message</dt>
		<dd class="err-value">Cannot invoke class bob. Bad Request</dd>
	<dt class="err-label">File</dt>
		<dd class="err-value">/server/development/projects/rame/sys/exec/100/errorHandler.php</dd>
	<dt class="err-label">Line</dt>
		<dd class="err-value">56</dd>
	<dt class="err-label">Variables</dt>
		<dd class="err-value">Array
(
    [API Class] => bob
)
</dd>
</dl>
<dl class="err err-2048">
	<dt class="err-label">Date/Time</dt>
		<dd class="err-value">2013-12-10 03:44:13 (UTC)</dd>
	<dt class="err-label">Error Number</dt>
		<dd class="err-value">2048</dd>
	<dt class="err-label">Error Type</dt>
		<dd class="err-value">Runtime Notice</dd>
	<dt class="err-label">Message</dt>
		<dd class="err-value">Cannot invoke class bob. Bad Request</dd>
	<dt class="err-label">File</dt>
		<dd class="err-value">/server/development/projects/rame/sys/exec/100/errorHandler.php</dd>
	<dt class="err-label">Line</dt>
		<dd class="err-value">56</dd>
	<dt class="err-label">Variables</dt>
		<dd class="err-value">Array
(
    [API Class] => bob
)
</dd>
</dl>
<dl class="err err-2048">
	<dt class="err-label">Date/Time</dt>
		<dd class="err-value">2013-12-10 03:44:15 (UTC)</dd>
	<dt class="err-label">Error Number</dt>
		<dd class="err-value">2048</dd>
	<dt class="err-label">Error Type</dt>
		<dd class="err-value">Runtime Notice</dd>
	<dt class="err-label">Message</dt>
		<dd class="err-value">Cannot invoke class bob. Bad Request</dd>
	<dt class="err-label">File</dt>
		<dd class="err-value">/server/development/projects/rame/sys/exec/100/errorHandler.php</dd>
	<dt class="err-label">Line</dt>
		<dd class="err-value">56</dd>
	<dt class="err-label">Variables</dt>
		<dd class="err-value">Array
(
    [API Class] => bob
)
</dd>
</dl>
<dl class="err err-2048">
	<dt class="err-label">Date/Time</dt>
		<dd class="err-value">2013-12-10 03:44:17 (UTC)</dd>
	<dt class="err-label">Error Number</dt>
		<dd class="err-value">2048</dd>
	<dt class="err-label">Error Type</dt>
		<dd class="err-value">Runtime Notice</dd>
	<dt class="err-label">Message</dt>
		<dd class="err-value">Cannot invoke class bob. Bad Request</dd>
	<dt class="err-label">File</dt>
		<dd class="err-value">/server/development/projects/rame/sys/exec/100/errorHandler.php</dd>
	<dt class="err-label">Line</dt>
		<dd class="err-value">56</dd>
	<dt class="err-label">Variables</dt>
		<dd class="err-value">Array
(
    [API Class] => bob
)
</dd>
</dl>
<dl class="err err-2048">
	<dt class="err-label">Date/Time</dt>
		<dd class="err-value">2013-12-10 03:44:29 (UTC)</dd>
	<dt class="err-label">Error Number</dt>
		<dd class="err-value">2048</dd>
	<dt class="err-label">Error Type</dt>
		<dd class="err-value">Runtime Notice</dd>
	<dt class="err-label">Message</dt>
		<dd class="err-value">Cannot invoke class . Bad Request</dd>
	<dt class="err-label">File</dt>
		<dd class="err-value">/server/development/projects/rame/sys/exec/100/errorHandler.php</dd>
	<dt class="err-label">Line</dt>
		<dd class="err-value">56</dd>
	<dt class="err-label">Variables</dt>
		<dd class="err-value">Array
(
    [API Class] => 
)
</dd>
</dl>
<dl class="err err-2048">
	<dt class="err-label">Date/Time</dt>
		<dd class="err-value">2013-12-10 03:44:33 (UTC)</dd>
	<dt class="err-label">Error Number</dt>
		<dd class="err-value">2048</dd>
	<dt class="err-label">Error Type</dt>
		<dd class="err-value">Runtime Notice</dd>
	<dt class="err-label">Message</dt>
		<dd class="err-value">Cannot invoke class . Bad Request</dd>
	<dt class="err-label">File</dt>
		<dd class="err-value">/server/development/projects/rame/sys/exec/100/errorHandler.php</dd>
	<dt class="err-label">Line</dt>
		<dd class="err-value">56</dd>
	<dt class="err-label">Variables</dt>
		<dd class="err-value">Array
(
    [API Class] => 
)
</dd>
</dl>
<dl class="err err-2048">
	<dt class="err-label">Date/Time</dt>
		<dd class="err-value">2013-12-10 03:49:10 (UTC)</dd>
	<dt class="err-label">Error Number</dt>
		<dd class="err-value">2048</dd>
	<dt class="err-label">Error Type</dt>
		<dd class="err-value">Runtime Notice</dd>
	<dt class="err-label">Message</dt>
		<dd class="err-value">Cannot invoke class . Bad Request</dd>
	<dt class="err-label">File</dt>
		<dd class="err-value">/server/development/projects/rame/sys/exec/100/errorHandler.php</dd>
	<dt class="err-label">Line</dt>
		<dd class="err-value">56</dd>
	<dt class="err-label">Variables</dt>
		<dd class="err-value">Array
(
    [API Class] => 
)
</dd>
</dl>
<dl class="err err-2048">
	<dt class="err-label">Date/Time</dt>
		<dd class="err-value">2013-12-10 03:50:34 (UTC)</dd>
	<dt class="err-label">Error Number</dt>
		<dd class="err-value">2048</dd>
	<dt class="err-label">Error Type</dt>
		<dd class="err-value">Runtime Notice</dd>
	<dt class="err-label">Message</dt>
		<dd class="err-value">Cannot invoke class . Bad Request</dd>
	<dt class="err-label">File</dt>
		<dd class="err-value">/server/development/projects/rame/sys/exec/100/errorHandler.php</dd>
	<dt class="err-label">Line</dt>
		<dd class="err-value">56</dd>
	<dt class="err-label">Variables</dt>
		<dd class="err-value">Array
(
    [API Class] => 
)
</dd>
</dl>
<dl class="err err-2048">
	<dt class="err-label">Date/Time</dt>
		<dd class="err-value">2013-12-10 03:50:35 (UTC)</dd>
	<dt class="err-label">Error Number</dt>
		<dd class="err-value">2048</dd>
	<dt class="err-label">Error Type</dt>
		<dd class="err-value">Runtime Notice</dd>
	<dt class="err-label">Message</dt>
		<dd class="err-value">Cannot invoke class . Bad Request</dd>
	<dt class="err-label">File</dt>
		<dd class="err-value">/server/development/projects/rame/sys/exec/100/errorHandler.php</dd>
	<dt class="err-label">Line</dt>
		<dd class="err-value">56</dd>
	<dt class="err-label">Variables</dt>
		<dd class="err-value">Array
(
    [API Class] => 
)
</dd>
</dl>
<dl class="err err-2048">
	<dt class="err-label">Date/Time</dt>
		<dd class="err-value">2013-12-10 03:51:19 (UTC)</dd>
	<dt class="err-label">Error Number</dt>
		<dd class="err-value">2048</dd>
	<dt class="err-label">Error Type</dt>
		<dd class="err-value">Runtime Notice</dd>
	<dt class="err-label">Message</dt>
		<dd class="err-value">Cannot invoke class . Bad Request</dd>
	<dt class="err-label">File</dt>
		<dd class="err-value">/server/development/projects/rame/sys/exec/100/errorHandler.php</dd>
	<dt class="err-label">Line</dt>
		<dd class="err-value">56</dd>
	<dt class="err-label">Variables</dt>
		<dd class="err-value">Array
(
    [API Class] => 
)
</dd>
</dl>
<dl class="err err-2048">
	<dt class="err-label">Date/Time</dt>
		<dd class="err-value">2013-12-10 03:52:05 (UTC)</dd>
	<dt class="err-label">Error Number</dt>
		<dd class="err-value">2048</dd>
	<dt class="err-label">Error Type</dt>
		<dd class="err-value">Runtime Notice</dd>
	<dt class="err-label">Message</dt>
		<dd class="err-value">Cannot invoke class . Bad Request</dd>
	<dt class="err-label">File</dt>
		<dd class="err-value">/server/development/projects/rame/sys/exec/100/errorHandler.php</dd>
	<dt class="err-label">Line</dt>
		<dd class="err-value">56</dd>
	<dt class="err-label">Variables</dt>
		<dd class="err-value">Array
(
    [API Class] => 
)
</dd>
</dl>
<dl class="err err-2048">
	<dt class="err-label">Date/Time</dt>
		<dd class="err-value">2013-12-10 03:52:05 (UTC)</dd>
	<dt class="err-label">Error Number</dt>
		<dd class="err-value">2048</dd>
	<dt class="err-label">Error Type</dt>
		<dd class="err-value">Runtime Notice</dd>
	<dt class="err-label">Message</dt>
		<dd class="err-value">Cannot invoke class . Bad Request</dd>
	<dt class="err-label">File</dt>
		<dd class="err-value">/server/development/projects/rame/sys/exec/100/errorHandler.php</dd>
	<dt class="err-label">Line</dt>
		<dd class="err-value">56</dd>
	<dt class="err-label">Variables</dt>
		<dd class="err-value">Array
(
    [API Class] => 
)
</dd>
</dl>
<dl class="err err-2048">
	<dt class="err-label">Date/Time</dt>
		<dd class="err-value">2013-12-10 03:52:05 (UTC)</dd>
	<dt class="err-label">Error Number</dt>
		<dd class="err-value">2048</dd>
	<dt class="err-label">Error Type</dt>
		<dd class="err-value">Runtime Notice</dd>
	<dt class="err-label">Message</dt>
		<dd class="err-value">Cannot invoke class . Bad Request</dd>
	<dt class="err-label">File</dt>
		<dd class="err-value">/server/development/projects/rame/sys/exec/100/errorHandler.php</dd>
	<dt class="err-label">Line</dt>
		<dd class="err-value">56</dd>
	<dt class="err-label">Variables</dt>
		<dd class="err-value">Array
(
    [API Class] => 
)
</dd>
</dl>
<dl class="err err-2048">
	<dt class="err-label">Date/Time</dt>
		<dd class="err-value">2013-12-10 03:52:39 (UTC)</dd>
	<dt class="err-label">Error Number</dt>
		<dd class="err-value">2048</dd>
	<dt class="err-label">Error Type</dt>
		<dd class="err-value">Runtime Notice</dd>
	<dt class="err-label">Message</dt>
		<dd class="err-value">Cannot invoke class . Bad Request</dd>
	<dt class="err-label">File</dt>
		<dd class="err-value">/server/development/projects/rame/sys/exec/100/errorHandler.php</dd>
	<dt class="err-label">Line</dt>
		<dd class="err-value">56</dd>
	<dt class="err-label">Variables</dt>
		<dd class="err-value">Array
(
    [API Class] => 
)
</dd>
</dl>
<dl class="err err-2048">
	<dt class="err-label">Date/Time</dt>
		<dd class="err-value">2013-12-10 03:52:53 (UTC)</dd>
	<dt class="err-label">Error Number</dt>
		<dd class="err-value">2048</dd>
	<dt class="err-label">Error Type</dt>
		<dd class="err-value">Runtime Notice</dd>
	<dt class="err-label">Message</dt>
		<dd class="err-value">Cannot invoke class . Bad Request</dd>
	<dt class="err-label">File</dt>
		<dd class="err-value">/server/development/projects/rame/sys/exec/100/errorHandler.php</dd>
	<dt class="err-label">Line</dt>
		<dd class="err-value">56</dd>
	<dt class="err-label">Variables</dt>
		<dd class="err-value">Array
(
    [API Class] => 
)
</dd>
</dl>
<dl class="err err-2048">
	<dt class="err-label">Date/Time</dt>
		<dd class="err-value err-string">2013-12-24 04:47:09 (UTC)</dd>
	<dt class="err-label">Error Number</dt>
		<dd class="err-value err-string">2048</dd>
	<dt class="err-label">Error Type</dt>
		<dd class="err-value err-string">Runtime Notice</dd>
	<dt class="err-label">Message</dt>
		<dd class="err-value err-string">Request returned an emtpy file</dd>
	<dt class="err-label">File</dt>
		<dd class="err-value err-string">/server/development/projects/rame/branches/vision/sys/exec/100/errorHandler.php</dd>
	<dt class="err-label">Line</dt>
		<dd class="err-value err-string">72</dd>
	<dt class="err-label">Variables</dt>
		<dd class="err-value err-array">Array
(
    [UI Handler] => ./ui/guest/index.phtml
)
</dd>
</dl>
<dl class="err err-2">
	<dt class="err-label">Date/Time</dt>
		<dd class="err-value err-string">2014-01-01 07:12:00 (UTC)</dd>
	<dt class="err-label">Error Number</dt>
		<dd class="err-value err-string">2</dd>
	<dt class="err-label">Error Type</dt>
		<dd class="err-value err-string">Warning</dd>
	<dt class="err-label">Message</dt>
		<dd class="err-value err-string">mysqli::mysqli(): (HY000/1045): Access denied for user 'rame_sys'@'localhost' (using password: YES)</dd>
	<dt class="err-label">File</dt>
		<dd class="err-value err-string">/server/development/projects/kore/branches/c9/sys/lib/101/dbConnection.lib</dd>
	<dt class="err-label">Line</dt>
		<dd class="err-value err-string">29</dd>
	<dt class="err-label">Variables</dt>
		<dd class="err-value err-array">Array
(
)
</dd>
</dl>
<dl class="err err-2">
	<dt class="err-label">Date/Time</dt>
		<dd class="err-value err-string">2014-01-01 07:13:10 (UTC)</dd>
	<dt class="err-label">Error Number</dt>
		<dd class="err-value err-string">2</dd>
	<dt class="err-label">Error Type</dt>
		<dd class="err-value err-string">Warning</dd>
	<dt class="err-label">Message</dt>
		<dd class="err-value err-string">mysqli::mysqli(): (HY000/1045): Access denied for user 'rame_sys'@'localhost' (using password: YES)</dd>
	<dt class="err-label">File</dt>
		<dd class="err-value err-string">/server/development/projects/kore/branches/c9/sys/lib/101/dbConnection.lib</dd>
	<dt class="err-label">Line</dt>
		<dd class="err-value err-string">29</dd>
	<dt class="err-label">Variables</dt>
		<dd class="err-value err-array">Array
(
)
</dd>
</dl>
<dl class="err err-2">
	<dt class="err-label">Date/Time</dt>
		<dd class="err-value err-string">2014-01-01 07:13:11 (UTC)</dd>
	<dt class="err-label">Error Number</dt>
		<dd class="err-value err-string">2</dd>
	<dt class="err-label">Error Type</dt>
		<dd class="err-value err-string">Warning</dd>
	<dt class="err-label">Message</dt>
		<dd class="err-value err-string">mysqli::mysqli(): (HY000/1045): Access denied for user 'rame_sys'@'localhost' (using password: YES)</dd>
	<dt class="err-label">File</dt>
		<dd class="err-value err-string">/server/development/projects/kore/branches/c9/sys/lib/101/dbConnection.lib</dd>
	<dt class="err-label">Line</dt>
		<dd class="err-value err-string">29</dd>
	<dt class="err-label">Variables</dt>
		<dd class="err-value err-array">Array
(
)
</dd>
</dl>
<dl class="err err-2">
	<dt class="err-label">Date/Time</dt>
		<dd class="err-value err-string">2014-01-01 08:15:59 (UTC)</dd>
	<dt class="err-label">Error Number</dt>
		<dd class="err-value err-string">2</dd>
	<dt class="err-label">Error Type</dt>
		<dd class="err-value err-string">Warning</dd>
	<dt class="err-label">Message</dt>
		<dd class="err-value err-string">mysqli::mysqli(): (HY000/2002): Connection refused</dd>
	<dt class="err-label">File</dt>
		<dd class="err-value err-string">/server/development/projects/kore/branches/c9/sys/lib/101/dbConnection.lib</dd>
	<dt class="err-label">Line</dt>
		<dd class="err-value err-string">29</dd>
	<dt class="err-label">Variables</dt>
		<dd class="err-value err-array">Array
(
)
</dd>
</dl>
<dl class="err err-2">
	<dt class="err-label">Date/Time</dt>
		<dd class="err-value err-string">2014-01-01 08:18:21 (UTC)</dd>
	<dt class="err-label">Error Number</dt>
		<dd class="err-value err-string">2</dd>
	<dt class="err-label">Error Type</dt>
		<dd class="err-value err-string">Warning</dd>
	<dt class="err-label">Message</dt>
		<dd class="err-value err-string">mysqli::mysqli(): (HY000/2002): Connection refused</dd>
	<dt class="err-label">File</dt>
		<dd class="err-value err-string">/server/development/projects/kore/branches/c9/sys/lib/101/dbConnection.lib</dd>
	<dt class="err-label">Line</dt>
		<dd class="err-value err-string">29</dd>
	<dt class="err-label">Variables</dt>
		<dd class="err-value err-array">Array
(
)
</dd>
</dl>
<dl class="err err-2">
	<dt class="err-label">Date/Time</dt>
		<dd class="err-value err-string">2014-01-01 08:18:27 (UTC)</dd>
	<dt class="err-label">Error Number</dt>
		<dd class="err-value err-string">2</dd>
	<dt class="err-label">Error Type</dt>
		<dd class="err-value err-string">Warning</dd>
	<dt class="err-label">Message</dt>
		<dd class="err-value err-string">mysqli::mysqli(): (HY000/2002): Connection refused</dd>
	<dt class="err-label">File</dt>
		<dd class="err-value err-string">/server/development/projects/kore/branches/c9/sys/lib/101/dbConnection.lib</dd>
	<dt class="err-label">Line</dt>
		<dd class="err-value err-string">29</dd>
	<dt class="err-label">Variables</dt>
		<dd class="err-value err-array">Array
(
)
</dd>
</dl>
<dl class="err err-2">
	<dt class="err-label">Date/Time</dt>
		<dd class="err-value err-string">2014-01-01 08:18:29 (UTC)</dd>
	<dt class="err-label">Error Number</dt>
		<dd class="err-value err-string">2</dd>
	<dt class="err-label">Error Type</dt>
		<dd class="err-value err-string">Warning</dd>
	<dt class="err-label">Message</dt>
		<dd class="err-value err-string">mysqli::mysqli(): (HY000/2002): Connection refused</dd>
	<dt class="err-label">File</dt>
		<dd class="err-value err-string">/server/development/projects/kore/branches/c9/sys/lib/101/dbConnection.lib</dd>
	<dt class="err-label">Line</dt>
		<dd class="err-value err-string">29</dd>
	<dt class="err-label">Variables</dt>
		<dd class="err-value err-array">Array
(
)
</dd>
</dl>
<dl class="err err-2">
	<dt class="err-label">Date/Time</dt>
		<dd class="err-value err-string">2014-01-01 08:18:32 (UTC)</dd>
	<dt class="err-label">Error Number</dt>
		<dd class="err-value err-string">2</dd>
	<dt class="err-label">Error Type</dt>
		<dd class="err-value err-string">Warning</dd>
	<dt class="err-label">Message</dt>
		<dd class="err-value err-string">mysqli::mysqli(): (HY000/2002): Connection refused</dd>
	<dt class="err-label">File</dt>
		<dd class="err-value err-string">/server/development/projects/kore/branches/c9/sys/lib/101/dbConnection.lib</dd>
	<dt class="err-label">Line</dt>
		<dd class="err-value err-string">29</dd>
	<dt class="err-label">Variables</dt>
		<dd class="err-value err-array">Array
(
)
</dd>
</dl>
<dl class="err err-2">
	<dt class="err-label">Date/Time</dt>
		<dd class="err-value err-string">2014-01-01 08:18:39 (UTC)</dd>
	<dt class="err-label">Error Number</dt>
		<dd class="err-value err-string">2</dd>
	<dt class="err-label">Error Type</dt>
		<dd class="err-value err-string">Warning</dd>
	<dt class="err-label">Message</dt>
		<dd class="err-value err-string">mysqli::mysqli(): (HY000/2002): Connection refused</dd>
	<dt class="err-label">File</dt>
		<dd class="err-value err-string">/server/development/projects/kore/branches/c9/sys/lib/101/dbConnection.lib</dd>
	<dt class="err-label">Line</dt>
		<dd class="err-value err-string">29</dd>
	<dt class="err-label">Variables</dt>
		<dd class="err-value err-array">Array
(
)
</dd>
</dl>
<dl class="err err-2">
	<dt class="err-label">Date/Time</dt>
		<dd class="err-value err-string">2014-01-01 08:29:24 (UTC)</dd>
	<dt class="err-label">Error Number</dt>
		<dd class="err-value err-string">2</dd>
	<dt class="err-label">Error Type</dt>
		<dd class="err-value err-string">Warning</dd>
	<dt class="err-label">Message</dt>
		<dd class="err-value err-string">mysqli::mysqli(): (HY000/2002): Connection refused</dd>
	<dt class="err-label">File</dt>
		<dd class="err-value err-string">/server/development/projects/kore/branches/c9/sys/lib/101/dbConnection.lib</dd>
	<dt class="err-label">Line</dt>
		<dd class="err-value err-string">29</dd>
	<dt class="err-label">Variables</dt>
		<dd class="err-value err-array">Array
(
)
</dd>
</dl>
<dl class="err err-2">
	<dt class="err-label">Date/Time</dt>
		<dd class="err-value err-string">2014-01-01 08:32:21 (UTC)</dd>
	<dt class="err-label">Error Number</dt>
		<dd class="err-value err-string">2</dd>
	<dt class="err-label">Error Type</dt>
		<dd class="err-value err-string">Warning</dd>
	<dt class="err-label">Message</dt>
		<dd class="err-value err-string">mysqli::mysqli(): (HY000/2002): Connection refused</dd>
	<dt class="err-label">File</dt>
		<dd class="err-value err-string">/server/development/projects/kore/branches/c9/sys/lib/101/dbConnection.lib</dd>
	<dt class="err-label">Line</dt>
		<dd class="err-value err-string">29</dd>
	<dt class="err-label">Variables</dt>
		<dd class="err-value err-array">Array
(
)
</dd>
	<dt class="err-label">Remote Address</dt>
		<dd class="err-value err-string">10.1.1.1</dd>
</dl>
<dl class="err err-2">
	<dt class="err-label">Date/Time</dt>
		<dd class="err-value err-string">2014-01-01 08:32:23 (UTC)</dd>
	<dt class="err-label">Error Number</dt>
		<dd class="err-value err-string">2</dd>
	<dt class="err-label">Error Type</dt>
		<dd class="err-value err-string">Warning</dd>
	<dt class="err-label">Message</dt>
		<dd class="err-value err-string">mysqli::mysqli(): (HY000/2002): Connection refused</dd>
	<dt class="err-label">File</dt>
		<dd class="err-value err-string">/server/development/projects/kore/branches/c9/sys/lib/101/dbConnection.lib</dd>
	<dt class="err-label">Line</dt>
		<dd class="err-value err-string">29</dd>
	<dt class="err-label">Variables</dt>
		<dd class="err-value err-array">Array
(
)
</dd>
	<dt class="err-label">Remote Address</dt>
		<dd class="err-value err-string">10.1.1.1</dd>
</dl>
<dl class="err err-2">
	<dt class="err-label">Date/Time</dt>
		<dd class="err-value err-string">2014-01-01 08:33:08 (UTC)</dd>
	<dt class="err-label">Error Number</dt>
		<dd class="err-value err-string">2</dd>
	<dt class="err-label">Error Type</dt>
		<dd class="err-value err-string">Warning</dd>
	<dt class="err-label">Message</dt>
		<dd class="err-value err-string">mysqli::mysqli(): (HY000/2002): No such file or directory</dd>
	<dt class="err-label">File</dt>
		<dd class="err-value err-string">/server/development/projects/kore/branches/c9/sys/lib/101/dbConnection.lib</dd>
	<dt class="err-label">Line</dt>
		<dd class="err-value err-string">29</dd>
	<dt class="err-label">Variables</dt>
		<dd class="err-value err-array">Array
(
)
</dd>
	<dt class="err-label">Remote Address</dt>
		<dd class="err-value err-string">10.1.1.1</dd>
</dl>
<dl class="err err-2">
	<dt class="err-label">Date/Time</dt>
		<dd class="err-value err-string">2014-01-01 08:33:10 (UTC)</dd>
	<dt class="err-label">Error Number</dt>
		<dd class="err-value err-string">2</dd>
	<dt class="err-label">Error Type</dt>
		<dd class="err-value err-string">Warning</dd>
	<dt class="err-label">Message</dt>
		<dd class="err-value err-string">mysqli::mysqli(): (HY000/2002): No such file or directory</dd>
	<dt class="err-label">File</dt>
		<dd class="err-value err-string">/server/development/projects/kore/branches/c9/sys/lib/101/dbConnection.lib</dd>
	<dt class="err-label">Line</dt>
		<dd class="err-value err-string">29</dd>
	<dt class="err-label">Variables</dt>
		<dd class="err-value err-array">Array
(
)
</dd>
	<dt class="err-label">Remote Address</dt>
		<dd class="err-value err-string">10.1.1.1</dd>
</dl>
<dl class="err err-2">
	<dt class="err-label">Date/Time</dt>
		<dd class="err-value err-string">2014-01-01 08:33:10 (UTC)</dd>
	<dt class="err-label">Error Number</dt>
		<dd class="err-value err-string">2</dd>
	<dt class="err-label">Error Type</dt>
		<dd class="err-value err-string">Warning</dd>
	<dt class="err-label">Message</dt>
		<dd class="err-value err-string">mysqli::mysqli(): (HY000/2002): No such file or directory</dd>
	<dt class="err-label">File</dt>
		<dd class="err-value err-string">/server/development/projects/kore/branches/c9/sys/lib/101/dbConnection.lib</dd>
	<dt class="err-label">Line</dt>
		<dd class="err-value err-string">29</dd>
	<dt class="err-label">Variables</dt>
		<dd class="err-value err-array">Array
(
)
</dd>
	<dt class="err-label">Remote Address</dt>
		<dd class="err-value err-string">10.1.1.1</dd>
</dl>
<dl class="err err-2">
	<dt class="err-label">Date/Time</dt>
		<dd class="err-value err-string">2014-01-01 08:33:11 (UTC)</dd>
	<dt class="err-label">Error Number</dt>
		<dd class="err-value err-string">2</dd>
	<dt class="err-label">Error Type</dt>
		<dd class="err-value err-string">Warning</dd>
	<dt class="err-label">Message</dt>
		<dd class="err-value err-string">mysqli::mysqli(): (HY000/2002): No such file or directory</dd>
	<dt class="err-label">File</dt>
		<dd class="err-value err-string">/server/development/projects/kore/branches/c9/sys/lib/101/dbConnection.lib</dd>
	<dt class="err-label">Line</dt>
		<dd class="err-value err-string">29</dd>
	<dt class="err-label">Variables</dt>
		<dd class="err-value err-array">Array
(
)
</dd>
	<dt class="err-label">Remote Address</dt>
		<dd class="err-value err-string">10.1.1.1</dd>
</dl>
<dl class="err err-2">
	<dt class="err-label">Date/Time</dt>
		<dd class="err-value err-string">2014-01-01 08:33:11 (UTC)</dd>
	<dt class="err-label">Error Number</dt>
		<dd class="err-value err-string">2</dd>
	<dt class="err-label">Error Type</dt>
		<dd class="err-value err-string">Warning</dd>
	<dt class="err-label">Message</dt>
		<dd class="err-value err-string">mysqli::mysqli(): (HY000/2002): No such file or directory</dd>
	<dt class="err-label">File</dt>
		<dd class="err-value err-string">/server/development/projects/kore/branches/c9/sys/lib/101/dbConnection.lib</dd>
	<dt class="err-label">Line</dt>
		<dd class="err-value err-string">29</dd>
	<dt class="err-label">Variables</dt>
		<dd class="err-value err-array">Array
(
)
</dd>
	<dt class="err-label">Remote Address</dt>
		<dd class="err-value err-string">10.1.1.1</dd>
</dl>
<dl class="err err-2">
	<dt class="err-label">Date/Time</dt>
		<dd class="err-value err-string">2014-01-01 08:34:13 (UTC)</dd>
	<dt class="err-label">Error Number</dt>
		<dd class="err-value err-string">2</dd>
	<dt class="err-label">Error Type</dt>
		<dd class="err-value err-string">Warning</dd>
	<dt class="err-label">Message</dt>
		<dd class="err-value err-string">mysqli::mysqli(): (HY000/2002): Connection refused</dd>
	<dt class="err-label">File</dt>
		<dd class="err-value err-string">/server/development/projects/kore/branches/c9/sys/lib/101/dbConnection.lib</dd>
	<dt class="err-label">Line</dt>
		<dd class="err-value err-string">29</dd>
	<dt class="err-label">Variables</dt>
		<dd class="err-value err-array">Array
(
)
</dd>
	<dt class="err-label">Remote Address</dt>
		<dd class="err-value err-string">10.1.1.1</dd>
</dl>
<dl class="err err-2">
	<dt class="err-label">Date/Time</dt>
		<dd class="err-value err-string">2014-01-01 08:34:15 (UTC)</dd>
	<dt class="err-label">Error Number</dt>
		<dd class="err-value err-string">2</dd>
	<dt class="err-label">Error Type</dt>
		<dd class="err-value err-string">Warning</dd>
	<dt class="err-label">Message</dt>
		<dd class="err-value err-string">mysqli::mysqli(): (HY000/2002): Connection refused</dd>
	<dt class="err-label">File</dt>
		<dd class="err-value err-string">/server/development/projects/kore/branches/c9/sys/lib/101/dbConnection.lib</dd>
	<dt class="err-label">Line</dt>
		<dd class="err-value err-string">29</dd>
	<dt class="err-label">Variables</dt>
		<dd class="err-value err-array">Array
(
)
</dd>
	<dt class="err-label">Remote Address</dt>
		<dd class="err-value err-string">10.1.1.1</dd>
</dl>
<dl class="err err-2">
	<dt class="err-label">Date/Time</dt>
		<dd class="err-value err-string">2014-01-01 08:34:15 (UTC)</dd>
	<dt class="err-label">Error Number</dt>
		<dd class="err-value err-string">2</dd>
	<dt class="err-label">Error Type</dt>
		<dd class="err-value err-string">Warning</dd>
	<dt class="err-label">Message</dt>
		<dd class="err-value err-string">mysqli::mysqli(): (HY000/2002): Connection refused</dd>
	<dt class="err-label">File</dt>
		<dd class="err-value err-string">/server/development/projects/kore/branches/c9/sys/lib/101/dbConnection.lib</dd>
	<dt class="err-label">Line</dt>
		<dd class="err-value err-string">29</dd>
	<dt class="err-label">Variables</dt>
		<dd class="err-value err-array">Array
(
)
</dd>
	<dt class="err-label">Remote Address</dt>
		<dd class="err-value err-string">10.1.1.1</dd>
</dl>
<dl class="err err-2">
	<dt class="err-label">Date/Time</dt>
		<dd class="err-value err-string">2014-01-01 08:34:16 (UTC)</dd>
	<dt class="err-label">Error Number</dt>
		<dd class="err-value err-string">2</dd>
	<dt class="err-label">Error Type</dt>
		<dd class="err-value err-string">Warning</dd>
	<dt class="err-label">Message</dt>
		<dd class="err-value err-string">mysqli::mysqli(): (HY000/2002): Connection refused</dd>
	<dt class="err-label">File</dt>
		<dd class="err-value err-string">/server/development/projects/kore/branches/c9/sys/lib/101/dbConnection.lib</dd>
	<dt class="err-label">Line</dt>
		<dd class="err-value err-string">29</dd>
	<dt class="err-label">Variables</dt>
		<dd class="err-value err-array">Array
(
)
</dd>
	<dt class="err-label">Remote Address</dt>
		<dd class="err-value err-string">10.1.1.1</dd>
</dl>
<dl class="err err-2">
	<dt class="err-label">Date/Time</dt>
		<dd class="err-value err-string">2014-01-01 08:34:16 (UTC)</dd>
	<dt class="err-label">Error Number</dt>
		<dd class="err-value err-string">2</dd>
	<dt class="err-label">Error Type</dt>
		<dd class="err-value err-string">Warning</dd>
	<dt class="err-label">Message</dt>
		<dd class="err-value err-string">mysqli::mysqli(): (HY000/2002): Connection refused</dd>
	<dt class="err-label">File</dt>
		<dd class="err-value err-string">/server/development/projects/kore/branches/c9/sys/lib/101/dbConnection.lib</dd>
	<dt class="err-label">Line</dt>
		<dd class="err-value err-string">29</dd>
	<dt class="err-label">Variables</dt>
		<dd class="err-value err-array">Array
(
)
</dd>
	<dt class="err-label">Remote Address</dt>
		<dd class="err-value err-string">10.1.1.1</dd>
</dl>
<dl class="err err-2">
	<dt class="err-label">Date/Time</dt>
		<dd class="err-value err-string">2014-01-01 08:34:16 (UTC)</dd>
	<dt class="err-label">Error Number</dt>
		<dd class="err-value err-string">2</dd>
	<dt class="err-label">Error Type</dt>
		<dd class="err-value err-string">Warning</dd>
	<dt class="err-label">Message</dt>
		<dd class="err-value err-string">mysqli::mysqli(): (HY000/2002): Connection refused</dd>
	<dt class="err-label">File</dt>
		<dd class="err-value err-string">/server/development/projects/kore/branches/c9/sys/lib/101/dbConnection.lib</dd>
	<dt class="err-label">Line</dt>
		<dd class="err-value err-string">29</dd>
	<dt class="err-label">Variables</dt>
		<dd class="err-value err-array">Array
(
)
</dd>
	<dt class="err-label">Remote Address</dt>
		<dd class="err-value err-string">10.1.1.1</dd>
</dl>
<dl class="err err-2">
	<dt class="err-label">Date/Time</dt>
		<dd class="err-value err-string">2014-01-01 08:34:16 (UTC)</dd>
	<dt class="err-label">Error Number</dt>
		<dd class="err-value err-string">2</dd>
	<dt class="err-label">Error Type</dt>
		<dd class="err-value err-string">Warning</dd>
	<dt class="err-label">Message</dt>
		<dd class="err-value err-string">mysqli::mysqli(): (HY000/2002): Connection refused</dd>
	<dt class="err-label">File</dt>
		<dd class="err-value err-string">/server/development/projects/kore/branches/c9/sys/lib/101/dbConnection.lib</dd>
	<dt class="err-label">Line</dt>
		<dd class="err-value err-string">29</dd>
	<dt class="err-label">Variables</dt>
		<dd class="err-value err-array">Array
(
)
</dd>
	<dt class="err-label">Remote Address</dt>
		<dd class="err-value err-string">10.1.1.1</dd>
</dl>
<dl class="err err-2">
	<dt class="err-label">Date/Time</dt>
		<dd class="err-value err-string">2014-01-01 08:34:17 (UTC)</dd>
	<dt class="err-label">Error Number</dt>
		<dd class="err-value err-string">2</dd>
	<dt class="err-label">Error Type</dt>
		<dd class="err-value err-string">Warning</dd>
	<dt class="err-label">Message</dt>
		<dd class="err-value err-string">mysqli::mysqli(): (HY000/2002): Connection refused</dd>
	<dt class="err-label">File</dt>
		<dd class="err-value err-string">/server/development/projects/kore/branches/c9/sys/lib/101/dbConnection.lib</dd>
	<dt class="err-label">Line</dt>
		<dd class="err-value err-string">29</dd>
	<dt class="err-label">Variables</dt>
		<dd class="err-value err-array">Array
(
)
</dd>
	<dt class="err-label">Remote Address</dt>
		<dd class="err-value err-string">10.1.1.1</dd>
</dl>
<dl class="err err-2">
	<dt class="err-label">Date/Time</dt>
		<dd class="err-value err-string">2014-01-01 18:59:41 (UTC)</dd>
	<dt class="err-label">Error Number</dt>
		<dd class="err-value err-string">2</dd>
	<dt class="err-label">Error Type</dt>
		<dd class="err-value err-string">Warning</dd>
	<dt class="err-label">Message</dt>
		<dd class="err-value err-string">mysqli::mysqli(): (HY000/2002): Connection refused</dd>
	<dt class="err-label">File</dt>
		<dd class="err-value err-string">/server/development/projects/kore/branches/c9/sys/lib/101/dbConnection.lib</dd>
	<dt class="err-label">Line</dt>
		<dd class="err-value err-string">29</dd>
	<dt class="err-label">Variables</dt>
		<dd class="err-value err-array">Array
(
)
</dd>
	<dt class="err-label">Remote Address</dt>
		<dd class="err-value err-string">10.1.1.1</dd>
</dl>
<dl class="err err-2">
	<dt class="err-label">Date/Time</dt>
		<dd class="err-value err-string">2014-01-01 19:00:55 (UTC)</dd>
	<dt class="err-label">Error Number</dt>
		<dd class="err-value err-string">2</dd>
	<dt class="err-label">Error Type</dt>
		<dd class="err-value err-string">Warning</dd>
	<dt class="err-label">Message</dt>
		<dd class="err-value err-string">mysqli::mysqli(): (HY000/2002): Connection refused</dd>
	<dt class="err-label">File</dt>
		<dd class="err-value err-string">/server/development/projects/kore/branches/c9/sys/lib/101/dbConnection.lib</dd>
	<dt class="err-label">Line</dt>
		<dd class="err-value err-string">29</dd>
	<dt class="err-label">Variables</dt>
		<dd class="err-value err-array">Array
(
)
</dd>
	<dt class="err-label">Remote Address</dt>
		<dd class="err-value err-string">10.1.1.1</dd>
</dl>
<dl class="err err-2">
	<dt class="err-label">Date/Time</dt>
		<dd class="err-value err-string">2014-01-01 19:00:56 (UTC)</dd>
	<dt class="err-label">Error Number</dt>
		<dd class="err-value err-string">2</dd>
	<dt class="err-label">Error Type</dt>
		<dd class="err-value err-string">Warning</dd>
	<dt class="err-label">Message</dt>
		<dd class="err-value err-string">mysqli::mysqli(): (HY000/2002): Connection refused</dd>
	<dt class="err-label">File</dt>
		<dd class="err-value err-string">/server/development/projects/kore/branches/c9/sys/lib/101/dbConnection.lib</dd>
	<dt class="err-label">Line</dt>
		<dd class="err-value err-string">29</dd>
	<dt class="err-label">Variables</dt>
		<dd class="err-value err-array">Array
(
)
</dd>
	<dt class="err-label">Remote Address</dt>
		<dd class="err-value err-string">10.1.1.1</dd>
</dl>
<dl class="err err-2">
	<dt class="err-label">Date/Time</dt>
		<dd class="err-value err-string">2014-01-01 19:00:57 (UTC)</dd>
	<dt class="err-label">Error Number</dt>
		<dd class="err-value err-string">2</dd>
	<dt class="err-label">Error Type</dt>
		<dd class="err-value err-string">Warning</dd>
	<dt class="err-label">Message</dt>
		<dd class="err-value err-string">mysqli::mysqli(): (HY000/2002): Connection refused</dd>
	<dt class="err-label">File</dt>
		<dd class="err-value err-string">/server/development/projects/kore/branches/c9/sys/lib/101/dbConnection.lib</dd>
	<dt class="err-label">Line</dt>
		<dd class="err-value err-string">29</dd>
	<dt class="err-label">Variables</dt>
		<dd class="err-value err-array">Array
(
)
</dd>
	<dt class="err-label">Remote Address</dt>
		<dd class="err-value err-string">10.1.1.1</dd>
</dl>
<dl class="err err-2">
	<dt class="err-label">Date/Time</dt>
		<dd class="err-value err-string">2014-01-01 19:00:57 (UTC)</dd>
	<dt class="err-label">Error Number</dt>
		<dd class="err-value err-string">2</dd>
	<dt class="err-label">Error Type</dt>
		<dd class="err-value err-string">Warning</dd>
	<dt class="err-label">Message</dt>
		<dd class="err-value err-string">mysqli::mysqli(): (HY000/2002): Connection refused</dd>
	<dt class="err-label">File</dt>
		<dd class="err-value err-string">/server/development/projects/kore/branches/c9/sys/lib/101/dbConnection.lib</dd>
	<dt class="err-label">Line</dt>
		<dd class="err-value err-string">29</dd>
	<dt class="err-label">Variables</dt>
		<dd class="err-value err-array">Array
(
)
</dd>
	<dt class="err-label">Remote Address</dt>
		<dd class="err-value err-string">10.1.1.1</dd>
</dl>
<dl class="err err-2">
	<dt class="err-label">Date/Time</dt>
		<dd class="err-value err-string">2014-01-01 19:00:58 (UTC)</dd>
	<dt class="err-label">Error Number</dt>
		<dd class="err-value err-string">2</dd>
	<dt class="err-label">Error Type</dt>
		<dd class="err-value err-string">Warning</dd>
	<dt class="err-label">Message</dt>
		<dd class="err-value err-string">mysqli::mysqli(): (HY000/2002): Connection refused</dd>
	<dt class="err-label">File</dt>
		<dd class="err-value err-string">/server/development/projects/kore/branches/c9/sys/lib/101/dbConnection.lib</dd>
	<dt class="err-label">Line</dt>
		<dd class="err-value err-string">29</dd>
	<dt class="err-label">Variables</dt>
		<dd class="err-value err-array">Array
(
)
</dd>
	<dt class="err-label">Remote Address</dt>
		<dd class="err-value err-string">10.1.1.1</dd>
</dl>
<dl class="err err-2">
	<dt class="err-label">Date/Time</dt>
		<dd class="err-value err-string">2014-01-01 19:00:58 (UTC)</dd>
	<dt class="err-label">Error Number</dt>
		<dd class="err-value err-string">2</dd>
	<dt class="err-label">Error Type</dt>
		<dd class="err-value err-string">Warning</dd>
	<dt class="err-label">Message</dt>
		<dd class="err-value err-string">mysqli::mysqli(): (HY000/2002): Connection refused</dd>
	<dt class="err-label">File</dt>
		<dd class="err-value err-string">/server/development/projects/kore/branches/c9/sys/lib/101/dbConnection.lib</dd>
	<dt class="err-label">Line</dt>
		<dd class="err-value err-string">29</dd>
	<dt class="err-label">Variables</dt>
		<dd class="err-value err-array">Array
(
)
</dd>
	<dt class="err-label">Remote Address</dt>
		<dd class="err-value err-string">10.1.1.1</dd>
</dl>
<dl class="err err-2">
	<dt class="err-label">Date/Time</dt>
		<dd class="err-value err-string">2014-01-01 19:00:58 (UTC)</dd>
	<dt class="err-label">Error Number</dt>
		<dd class="err-value err-string">2</dd>
	<dt class="err-label">Error Type</dt>
		<dd class="err-value err-string">Warning</dd>
	<dt class="err-label">Message</dt>
		<dd class="err-value err-string">mysqli::mysqli(): (HY000/2002): Connection refused</dd>
	<dt class="err-label">File</dt>
		<dd class="err-value err-string">/server/development/projects/kore/branches/c9/sys/lib/101/dbConnection.lib</dd>
	<dt class="err-label">Line</dt>
		<dd class="err-value err-string">29</dd>
	<dt class="err-label">Variables</dt>
		<dd class="err-value err-array">Array
(
)
</dd>
	<dt class="err-label">Remote Address</dt>
		<dd class="err-value err-string">10.1.1.1</dd>
</dl>
<dl class="err err-2">
	<dt class="err-label">Date/Time</dt>
		<dd class="err-value err-string">2014-01-01 19:00:58 (UTC)</dd>
	<dt class="err-label">Error Number</dt>
		<dd class="err-value err-string">2</dd>
	<dt class="err-label">Error Type</dt>
		<dd class="err-value err-string">Warning</dd>
	<dt class="err-label">Message</dt>
		<dd class="err-value err-string">mysqli::mysqli(): (HY000/2002): Connection refused</dd>
	<dt class="err-label">File</dt>
		<dd class="err-value err-string">/server/development/projects/kore/branches/c9/sys/lib/101/dbConnection.lib</dd>
	<dt class="err-label">Line</dt>
		<dd class="err-value err-string">29</dd>
	<dt class="err-label">Variables</dt>
		<dd class="err-value err-array">Array
(
)
</dd>
	<dt class="err-label">Remote Address</dt>
		<dd class="err-value err-string">10.1.1.1</dd>
</dl>
<dl class="err err-2">
	<dt class="err-label">Date/Time</dt>
		<dd class="err-value err-string">2014-01-01 19:36:18 (UTC)</dd>
	<dt class="err-label">Error Number</dt>
		<dd class="err-value err-string">2</dd>
	<dt class="err-label">Error Type</dt>
		<dd class="err-value err-string">Warning</dd>
	<dt class="err-label">Message</dt>
		<dd class="err-value err-string">mysqli::mysqli(): (HY000/2002): Connection refused</dd>
	<dt class="err-label">File</dt>
		<dd class="err-value err-string">/server/development/projects/kore/branches/c9/sys/lib/101/dbConnection.lib</dd>
	<dt class="err-label">Line</dt>
		<dd class="err-value err-string">29</dd>
	<dt class="err-label">Variables</dt>
		<dd class="err-value err-array">Array
(
)
</dd>
	<dt class="err-label">Remote Address</dt>
		<dd class="err-value err-string">10.1.1.1</dd>
</dl>
<dl class="err err-2">
	<dt class="err-label">Date/Time</dt>
		<dd class="err-value err-string">2014-01-01 19:50:15 (UTC)</dd>
	<dt class="err-label">Error Number</dt>
		<dd class="err-value err-string">2</dd>
	<dt class="err-label">Error Type</dt>
		<dd class="err-value err-string">Warning</dd>
	<dt class="err-label">Message</dt>
		<dd class="err-value err-string">mysqli::mysqli(): (HY000/2002): Connection refused</dd>
	<dt class="err-label">File</dt>
		<dd class="err-value err-string">/server/development/projects/kore/branches/c9/sys/lib/101/dbConnection.lib</dd>
	<dt class="err-label">Line</dt>
		<dd class="err-value err-string">29</dd>
	<dt class="err-label">Variables</dt>
		<dd class="err-value err-array">Array
(
)
</dd>
	<dt class="err-label">Remote Address</dt>
		<dd class="err-value err-string">10.1.1.1</dd>
</dl>
<dl class="err err-2">
	<dt class="err-label">Date/Time</dt>
		<dd class="err-value err-string">2014-01-01 21:39:43 (UTC)</dd>
	<dt class="err-label">Error Number</dt>
		<dd class="err-value err-string">2</dd>
	<dt class="err-label">Error Type</dt>
		<dd class="err-value err-string">Warning</dd>
	<dt class="err-label">Message</dt>
		<dd class="err-value err-string">mysqli::mysqli(): (HY000/2002): Connection refused</dd>
	<dt class="err-label">File</dt>
		<dd class="err-value err-string">/server/development/projects/kore/branches/c9/sys/lib/101/dbConnection.lib</dd>
	<dt class="err-label">Line</dt>
		<dd class="err-value err-string">29</dd>
	<dt class="err-label">Variables</dt>
		<dd class="err-value err-array">Array
(
)
</dd>
	<dt class="err-label">Remote Address</dt>
		<dd class="err-value err-string">10.1.1.1</dd>
</dl>
<dl class="err err-2">
	<dt class="err-label">Date/Time</dt>
		<dd class="err-value err-string">2014-01-01 21:46:42 (UTC)</dd>
	<dt class="err-label">Error Number</dt>
		<dd class="err-value err-string">2</dd>
	<dt class="err-label">Error Type</dt>
		<dd class="err-value err-string">Warning</dd>
	<dt class="err-label">Message</dt>
		<dd class="err-value err-string">mysqli::mysqli(): (HY000/2002): Connection refused</dd>
	<dt class="err-label">File</dt>
		<dd class="err-value err-string">/server/development/projects/kore/branches/c9/sys/lib/101/dbConnection.lib</dd>
	<dt class="err-label">Line</dt>
		<dd class="err-value err-string">29</dd>
	<dt class="err-label">Variables</dt>
		<dd class="err-value err-array">Array
(
)
</dd>
	<dt class="err-label">Remote Address</dt>
		<dd class="err-value err-string">10.1.1.1</dd>
</dl>
<dl class="err err-2">
	<dt class="err-label">Date/Time</dt>
		<dd class="err-value err-string">2014-01-02 00:32:55 (UTC)</dd>
	<dt class="err-label">Error Number</dt>
		<dd class="err-value err-string">2</dd>
	<dt class="err-label">Error Type</dt>
		<dd class="err-value err-string">Warning</dd>
	<dt class="err-label">Message</dt>
		<dd class="err-value err-string">mysqli::mysqli(): (HY000/2002): Connection refused</dd>
	<dt class="err-label">File</dt>
		<dd class="err-value err-string">/server/development/projects/kore/branches/c9/sys/lib/101/dbConnection.lib</dd>
	<dt class="err-label">Line</dt>
		<dd class="err-value err-string">29</dd>
	<dt class="err-label">Variables</dt>
		<dd class="err-value err-array">Array
(
)
</dd>
	<dt class="err-label">Remote Address</dt>
		<dd class="err-value err-string">10.1.1.1</dd>
</dl>
<dl class="err err-8">
	<dt class="err-label">Date/Time</dt>
		<dd class="err-value err-string">2014-01-02 06:43:12 (UTC)</dd>
	<dt class="err-label">Error Number</dt>
		<dd class="err-value err-string">8</dd>
	<dt class="err-label">Error Type</dt>
		<dd class="err-value err-string">Notice</dd>
	<dt class="err-label">Message</dt>
		<dd class="err-value err-string">Undefined variable: file</dd>
	<dt class="err-label">File</dt>
		<dd class="err-value err-string">/server/development/projects/kore/branches/c9/sys/api/ui/ui.php</dd>
	<dt class="err-label">Line</dt>
		<dd class="err-value err-string">85</dd>
	<dt class="err-label">Variables</dt>
		<dd class="err-value err-array">Array
(
    [settings] => settings Object
        (
            [name:protected] => system
            [config:protected] => Array
                (
                    [application] => Array
                        (
                            [version] => 0.11
                        )

                    [database] => Array
                        (
                            [type] => mysql
                            [host] => 10.1.1.200
                            [port] => 3306
                            [user] => rame_sys
                            [password] => sys_r@m3
                            [schema] => test
                        )

                    [logger] => Array
                        (
                            [phpReporting] => 1
                            [print] => 1
                            [email] => 
                            [to] => root@localhost
                        )

                    [ui] => Array
                        (
                            [default] => index
                        )

                    [assets] => Array
                        (
                            [types] => Array
                                (
                                    [0] => css
                                    [1] => script
                                )

                            [css] => Array
                                (
                                    [100] => rame.css
                                )

                            [script] => Array
                                (
                                    [100] => rame.js
                                )

                        )

                )

        )

    [config] => Array
        (
            [types] => Array
                (
                    [0] => css
                    [1] => script
                )

            [css] => Array
                (
                    [100] => rame.css
                )

            [script] => Array
                (
                    [100] => rame.js
                )

        )

    [types] => Array
        (
            [0] => css
            [1] => script
        )

    [buffer] => 
    [type] => css
    [files] => Array
        (
            [100] => rame.css
        )

    [index] => 100
    [source] => rame.css
)
</dd>
	<dt class="err-label">Remote Address</dt>
		<dd class="err-value err-string">10.1.1.1</dd>
</dl>
<dl class="err err-8">
	<dt class="err-label">Date/Time</dt>
		<dd class="err-value err-string">2014-01-02 06:43:12 (UTC)</dd>
	<dt class="err-label">Error Number</dt>
		<dd class="err-value err-string">8</dd>
	<dt class="err-label">Error Type</dt>
		<dd class="err-value err-string">Notice</dd>
	<dt class="err-label">Message</dt>
		<dd class="err-value err-string">Undefined variable: file</dd>
	<dt class="err-label">File</dt>
		<dd class="err-value err-string">/server/development/projects/kore/branches/c9/sys/api/ui/ui.php</dd>
	<dt class="err-label">Line</dt>
		<dd class="err-value err-string">85</dd>
	<dt class="err-label">Variables</dt>
		<dd class="err-value err-array">Array
(
    [settings] => settings Object
        (
            [name:protected] => system
            [config:protected] => Array
                (
                    [application] => Array
                        (
                            [version] => 0.11
                        )

                    [database] => Array
                        (
                            [type] => mysql
                            [host] => 10.1.1.200
                            [port] => 3306
                            [user] => rame_sys
                            [password] => sys_r@m3
                            [schema] => test
                        )

                    [logger] => Array
                        (
                            [phpReporting] => 1
                            [print] => 1
                            [email] => 
                            [to] => root@localhost
                        )

                    [ui] => Array
                        (
                            [default] => index
                        )

                    [assets] => Array
                        (
                            [types] => Array
                                (
                                    [0] => css
                                    [1] => script
                                )

                            [css] => Array
                                (
                                    [100] => rame.css
                                )

                            [script] => Array
                                (
                                    [100] => rame.js
                                )

                        )

                )

        )

    [config] => Array
        (
            [types] => Array
                (
                    [0] => css
                    [1] => script
                )

            [css] => Array
                (
                    [100] => rame.css
                )

            [script] => Array
                (
                    [100] => rame.js
                )

        )

    [types] => Array
        (
            [0] => css
            [1] => script
        )

    [buffer] => <link rel="stylesheet" href="assets/css/"/>

    [type] => script
    [files] => Array
        (
            [100] => rame.js
        )

    [index] => 100
    [source] => rame.js
    [str] => <link rel="stylesheet" href="assets/css/"/>
)
</dd>
	<dt class="err-label">Remote Address</dt>
		<dd class="err-value err-string">10.1.1.1</dd>
</dl>
<dl class="err err-16">
	<dt class="err-label">Date/Time</dt>
		<dd class="err-value err-string">2014-01-03 04:43:40 (UTC)</dd>
	<dt class="err-label">Error Number</dt>
		<dd class="err-value err-string">16</dd>
	<dt class="err-label">Error Type</dt>
		<dd class="err-value err-string">Core Error</dd>
	<dt class="err-label">Message</dt>
		<dd class="err-value err-string">UI Missing</dd>
	<dt class="err-label">File</dt>
		<dd class="err-value err-string">/server/development/projects/kore/branches/c9/sys/exec/100/errorHandler.php</dd>
	<dt class="err-label">Line</dt>
		<dd class="err-value err-string">73</dd>
	<dt class="err-label">Variables</dt>
		<dd class="err-value err-array">Array
(
    [UI Handler] => ./ui//index.phtml
)
</dd>
	<dt class="err-label">Remote Address</dt>
		<dd class="err-value err-string">10.1.1.1</dd>
</dl>
<dl class="err err-16">
	<dt class="err-label">Date/Time</dt>
		<dd class="err-value err-string">2014-01-03 04:43:48 (UTC)</dd>
	<dt class="err-label">Error Number</dt>
		<dd class="err-value err-string">16</dd>
	<dt class="err-label">Error Type</dt>
		<dd class="err-value err-string">Core Error</dd>
	<dt class="err-label">Message</dt>
		<dd class="err-value err-string">UI Missing</dd>
	<dt class="err-label">File</dt>
		<dd class="err-value err-string">/server/development/projects/kore/branches/c9/sys/exec/100/errorHandler.php</dd>
	<dt class="err-label">Line</dt>
		<dd class="err-value err-string">73</dd>
	<dt class="err-label">Variables</dt>
		<dd class="err-value err-array">Array
(
    [UI Handler] => ./ui//index.phtml
)
</dd>
	<dt class="err-label">Remote Address</dt>
		<dd class="err-value err-string">10.1.1.1</dd>
</dl>
<dl class="err err-16">
	<dt class="err-label">Date/Time</dt>
		<dd class="err-value err-string">2014-01-03 04:43:50 (UTC)</dd>
	<dt class="err-label">Error Number</dt>
		<dd class="err-value err-string">16</dd>
	<dt class="err-label">Error Type</dt>
		<dd class="err-value err-string">Core Error</dd>
	<dt class="err-label">Message</dt>
		<dd class="err-value err-string">UI Missing</dd>
	<dt class="err-label">File</dt>
		<dd class="err-value err-string">/server/development/projects/kore/branches/c9/sys/exec/100/errorHandler.php</dd>
	<dt class="err-label">Line</dt>
		<dd class="err-value err-string">73</dd>
	<dt class="err-label">Variables</dt>
		<dd class="err-value err-array">Array
(
    [UI Handler] => ./ui//index.phtml
)
</dd>
	<dt class="err-label">Remote Address</dt>
		<dd class="err-value err-string">10.1.1.1</dd>
</dl>
