<dl class="err err-256">
	<dt class="err-label">Date/Time</dt>
		<dd class="err-value err-string">2013-12-10 04:14:49 (UTC)</dd>
	<dt class="err-label">Error Number</dt>
		<dd class="err-value err-string">256</dd>
	<dt class="err-label">Error Type</dt>
		<dd class="err-value err-string">User Error</dd>
	<dt class="err-label">Message</dt>
		<dd class="err-value err-string">111</dd>
	<dt class="err-label">File</dt>
		<dd class="err-value err-string">/server/development/projects/rame/sys/exec/100/errorHandler.php</dd>
	<dt class="err-label">Line</dt>
		<dd class="err-value err-string">64</dd>
	<dt class="err-label">Variables</dt>
		<dd class="err-value err-array">Array
(
)
</dd>
</dl>
<dl class="err err-256">
	<dt class="err-label">Date/Time</dt>
		<dd class="err-value err-string">2013-12-10 04:15:20 (UTC)</dd>
	<dt class="err-label">Error Number</dt>
		<dd class="err-value err-string">256</dd>
	<dt class="err-label">Error Type</dt>
		<dd class="err-value err-string">User Error</dd>
	<dt class="err-label">Message</dt>
		<dd class="err-value err-string">111</dd>
	<dt class="err-label">File</dt>
		<dd class="err-value err-string">/server/development/projects/rame/sys/exec/100/errorHandler.php</dd>
	<dt class="err-label">Line</dt>
		<dd class="err-value err-string">63</dd>
	<dt class="err-label">Variables</dt>
		<dd class="err-value err-array">Array
(
)
</dd>
</dl>
<dl class="err err-256">
	<dt class="err-label">Date/Time</dt>
		<dd class="err-value err-string">2013-12-10 04:20:04 (UTC)</dd>
	<dt class="err-label">Error Number</dt>
		<dd class="err-value err-string">256</dd>
	<dt class="err-label">Error Type</dt>
		<dd class="err-value err-string">User Error</dd>
	<dt class="err-label">Message</dt>
		<dd class="err-value err-string">111</dd>
	<dt class="err-label">File</dt>
		<dd class="err-value err-string">/server/development/projects/rame/sys/exec/100/errorHandler.php</dd>
	<dt class="err-label">Line</dt>
		<dd class="err-value err-string">72</dd>
	<dt class="err-label">Variables</dt>
		<dd class="err-value err-array">Array
(
)
</dd>
</dl>
